<?xml version="1.0" encoding="UTF-8"?>
<!-- Generated by org.testng.reporters.JUnitXMLReporter -->
<testsuite hostname="Rehan" name="Automation Practice Test" tests="6" failures="0" timestamp="23 Apr 2021 09:28:34 GMT" time="62.396" errors="0">
  <testcase name="login" time="6.166" classname="com.qa.testcases.TC1Test"/>
  <testcase name="productPurchased" time="0.003" classname="com.qa.testcases.TC1Test"/>
  <testcase name="login" time="8.012" classname="com.qa.testcases.TC1Test2"/>
  <testcase name="viewMsg" time="0.005" classname="com.qa.testcases.TC1Test2"/>
  <testcase name="login" time="9.265" classname="com.qa.testcases.TC1Test3"/>
  <testcase name="captureImageTest" time="0.001" classname="com.qa.testcases.TC1Test3"/>
</testsuite> <!-- Automation Practice Test -->
