<?xml version="1.0" encoding="UTF-8"?>
<testng-results skipped="0" failed="0" total="2" passed="2">
  <reporter-output>
  </reporter-output>
  <suite name="Default suite" duration-ms="31859" started-at="2021-04-23T11:14:58Z" finished-at="2021-04-23T11:15:30Z">
    <groups>
    </groups>
    <test name="Default test" duration-ms="31859" started-at="2021-04-23T11:14:58Z" finished-at="2021-04-23T11:15:30Z">
      <class name="com.qa.testcases.TC1Test">
        <test-method status="PASS" signature="setUp()[pri:0, instance:com.qa.testcases.TC1Test@91161c7]" name="setUp" is-config="true" duration-ms="18946" started-at="2021-04-23T16:44:58Z" finished-at="2021-04-23T16:45:17Z">
          <reporter-output>
          </reporter-output>
        </test-method> <!-- setUp -->
        <test-method status="PASS" signature="login()[pri:1, instance:com.qa.testcases.TC1Test@91161c7]" name="login" duration-ms="11387" started-at="2021-04-23T16:45:17Z" finished-at="2021-04-23T16:45:28Z">
          <reporter-output>
          </reporter-output>
        </test-method> <!-- login -->
        <test-method status="PASS" signature="productPurchased()[pri:2, instance:com.qa.testcases.TC1Test@91161c7]" name="productPurchased" duration-ms="2" started-at="2021-04-23T16:45:28Z" finished-at="2021-04-23T16:45:28Z">
          <reporter-output>
          </reporter-output>
        </test-method> <!-- productPurchased -->
        <test-method status="PASS" signature="tearDown()[pri:0, instance:com.qa.testcases.TC1Test@91161c7]" name="tearDown" is-config="true" duration-ms="1437" started-at="2021-04-23T16:45:28Z" finished-at="2021-04-23T16:45:30Z">
          <reporter-output>
          </reporter-output>
        </test-method> <!-- tearDown -->
      </class> <!-- com.qa.testcases.TC1Test -->
    </test> <!-- Default test -->
  </suite> <!-- Default suite -->
</testng-results>
